0 info it worked if it ends with ok
1 verbose cli [ '/Users/kelinchristi/.nvm/v0.10.36/bin/node',
1 verbose cli   '/Users/kelinchristi/.nvm/v0.10.36/bin/npm',
1 verbose cli   'install' ]
2 info using npm@1.4.28
3 info using node@v0.10.36
4 verbose readDependencies using package.json deps
5 verbose install where, deps [ '/Users/kelinchristi/Documents/node-red-heroku-master',
5 verbose install   [ 'when',
5 verbose install     'mongodb',
5 verbose install     'nano',
5 verbose install     'feedparser',
5 verbose install     'redis',
5 verbose install     'node-red',
5 verbose install     'node-red-contrib-admin',
5 verbose install     'node-red-contrib-alexa' ] ]
6 info preinstall node-red-heroku@0.0.1
7 verbose readDependencies using package.json deps
8 verbose cache add [ 'when@~3.x', null ]
9 verbose cache add name=undefined spec="when@~3.x" args=["when@~3.x",null]
10 verbose parsed url { protocol: null,
10 verbose parsed url   slashes: null,
10 verbose parsed url   auth: null,
10 verbose parsed url   host: null,
10 verbose parsed url   port: null,
10 verbose parsed url   hostname: null,
10 verbose parsed url   hash: null,
10 verbose parsed url   search: null,
10 verbose parsed url   query: null,
10 verbose parsed url   pathname: 'when@~3.x',
10 verbose parsed url   path: 'when@~3.x',
10 verbose parsed url   href: 'when@~3.x' }
11 verbose cache add [ 'mongodb@~1.4.x', null ]
12 verbose cache add name=undefined spec="mongodb@~1.4.x" args=["mongodb@~1.4.x",null]
13 verbose parsed url { protocol: null,
13 verbose parsed url   slashes: null,
13 verbose parsed url   auth: null,
13 verbose parsed url   host: null,
13 verbose parsed url   port: null,
13 verbose parsed url   hostname: null,
13 verbose parsed url   hash: null,
13 verbose parsed url   search: null,
13 verbose parsed url   query: null,
13 verbose parsed url   pathname: 'mongodb@~1.4.x',
13 verbose parsed url   path: 'mongodb@~1.4.x',
13 verbose parsed url   href: 'mongodb@~1.4.x' }
14 verbose cache add [ 'nano@~5.11.0', null ]
15 verbose cache add name=undefined spec="nano@~5.11.0" args=["nano@~5.11.0",null]
16 verbose parsed url { protocol: null,
16 verbose parsed url   slashes: null,
16 verbose parsed url   auth: null,
16 verbose parsed url   host: null,
16 verbose parsed url   port: null,
16 verbose parsed url   hostname: null,
16 verbose parsed url   hash: null,
16 verbose parsed url   search: null,
16 verbose parsed url   query: null,
16 verbose parsed url   pathname: 'nano@~5.11.0',
16 verbose parsed url   path: 'nano@~5.11.0',
16 verbose parsed url   href: 'nano@~5.11.0' }
17 verbose cache add [ 'feedparser@~0.19.2', null ]
18 verbose cache add name=undefined spec="feedparser@~0.19.2" args=["feedparser@~0.19.2",null]
19 verbose parsed url { protocol: null,
19 verbose parsed url   slashes: null,
19 verbose parsed url   auth: null,
19 verbose parsed url   host: null,
19 verbose parsed url   port: null,
19 verbose parsed url   hostname: null,
19 verbose parsed url   hash: null,
19 verbose parsed url   search: null,
19 verbose parsed url   query: null,
19 verbose parsed url   pathname: 'feedparser@~0.19.2',
19 verbose parsed url   path: 'feedparser@~0.19.2',
19 verbose parsed url   href: 'feedparser@~0.19.2' }
20 verbose cache add [ 'redis@~0.10.1', null ]
21 verbose cache add name=undefined spec="redis@~0.10.1" args=["redis@~0.10.1",null]
22 verbose parsed url { protocol: null,
22 verbose parsed url   slashes: null,
22 verbose parsed url   auth: null,
22 verbose parsed url   host: null,
22 verbose parsed url   port: null,
22 verbose parsed url   hostname: null,
22 verbose parsed url   hash: null,
22 verbose parsed url   search: null,
22 verbose parsed url   query: null,
22 verbose parsed url   pathname: 'redis@~0.10.1',
22 verbose parsed url   path: 'redis@~0.10.1',
22 verbose parsed url   href: 'redis@~0.10.1' }
23 verbose cache add [ 'node-red@0.x', null ]
24 verbose cache add name=undefined spec="node-red@0.x" args=["node-red@0.x",null]
25 verbose parsed url { protocol: null,
25 verbose parsed url   slashes: null,
25 verbose parsed url   auth: null,
25 verbose parsed url   host: null,
25 verbose parsed url   port: null,
25 verbose parsed url   hostname: null,
25 verbose parsed url   hash: null,
25 verbose parsed url   search: null,
25 verbose parsed url   query: null,
25 verbose parsed url   pathname: 'node-red@0.x',
25 verbose parsed url   path: 'node-red@0.x',
25 verbose parsed url   href: 'node-red@0.x' }
26 verbose cache add name="when" spec="~3.x" args=["when","~3.x"]
27 verbose parsed url { protocol: null,
27 verbose parsed url   slashes: null,
27 verbose parsed url   auth: null,
27 verbose parsed url   host: null,
27 verbose parsed url   port: null,
27 verbose parsed url   hostname: null,
27 verbose parsed url   hash: null,
27 verbose parsed url   search: null,
27 verbose parsed url   query: null,
27 verbose parsed url   pathname: '~3.x',
27 verbose parsed url   path: '~3.x',
27 verbose parsed url   href: '~3.x' }
28 verbose addNamed [ 'when', '~3.x' ]
29 verbose addNamed [ null, '>=3.0.0-0 <4.0.0-0' ]
30 verbose cache add name="mongodb" spec="~1.4.x" args=["mongodb","~1.4.x"]
31 verbose parsed url { protocol: null,
31 verbose parsed url   slashes: null,
31 verbose parsed url   auth: null,
31 verbose parsed url   host: null,
31 verbose parsed url   port: null,
31 verbose parsed url   hostname: null,
31 verbose parsed url   hash: null,
31 verbose parsed url   search: null,
31 verbose parsed url   query: null,
31 verbose parsed url   pathname: '~1.4.x',
31 verbose parsed url   path: '~1.4.x',
31 verbose parsed url   href: '~1.4.x' }
32 verbose addNamed [ 'mongodb', '~1.4.x' ]
33 verbose addNamed [ null, '>=1.4.0-0 <1.5.0-0' ]
34 verbose cache add name="nano" spec="~5.11.0" args=["nano","~5.11.0"]
35 verbose parsed url { protocol: null,
35 verbose parsed url   slashes: null,
35 verbose parsed url   auth: null,
35 verbose parsed url   host: null,
35 verbose parsed url   port: null,
35 verbose parsed url   hostname: null,
35 verbose parsed url   hash: null,
35 verbose parsed url   search: null,
35 verbose parsed url   query: null,
35 verbose parsed url   pathname: '~5.11.0',
35 verbose parsed url   path: '~5.11.0',
35 verbose parsed url   href: '~5.11.0' }
36 verbose addNamed [ 'nano', '~5.11.0' ]
37 verbose addNamed [ null, '>=5.11.0-0 <5.12.0-0' ]
38 verbose cache add name="feedparser" spec="~0.19.2" args=["feedparser","~0.19.2"]
39 verbose parsed url { protocol: null,
39 verbose parsed url   slashes: null,
39 verbose parsed url   auth: null,
39 verbose parsed url   host: null,
39 verbose parsed url   port: null,
39 verbose parsed url   hostname: null,
39 verbose parsed url   hash: null,
39 verbose parsed url   search: null,
39 verbose parsed url   query: null,
39 verbose parsed url   pathname: '~0.19.2',
39 verbose parsed url   path: '~0.19.2',
39 verbose parsed url   href: '~0.19.2' }
40 verbose addNamed [ 'feedparser', '~0.19.2' ]
41 verbose addNamed [ null, '>=0.19.2-0 <0.20.0-0' ]
42 verbose cache add name="redis" spec="~0.10.1" args=["redis","~0.10.1"]
43 verbose parsed url { protocol: null,
43 verbose parsed url   slashes: null,
43 verbose parsed url   auth: null,
43 verbose parsed url   host: null,
43 verbose parsed url   port: null,
43 verbose parsed url   hostname: null,
43 verbose parsed url   hash: null,
43 verbose parsed url   search: null,
43 verbose parsed url   query: null,
43 verbose parsed url   pathname: '~0.10.1',
43 verbose parsed url   path: '~0.10.1',
43 verbose parsed url   href: '~0.10.1' }
44 verbose addNamed [ 'redis', '~0.10.1' ]
45 verbose addNamed [ null, '>=0.10.1-0 <0.11.0-0' ]
46 verbose cache add [ 'node-red-contrib-admin@0.x', null ]
47 verbose cache add name=undefined spec="node-red-contrib-admin@0.x" args=["node-red-contrib-admin@0.x",null]
48 verbose parsed url { protocol: null,
48 verbose parsed url   slashes: null,
48 verbose parsed url   auth: null,
48 verbose parsed url   host: null,
48 verbose parsed url   port: null,
48 verbose parsed url   hostname: null,
48 verbose parsed url   hash: null,
48 verbose parsed url   search: null,
48 verbose parsed url   query: null,
48 verbose parsed url   pathname: 'node-red-contrib-admin@0.x',
48 verbose parsed url   path: 'node-red-contrib-admin@0.x',
48 verbose parsed url   href: 'node-red-contrib-admin@0.x' }
49 verbose cache add [ 'node-red-contrib-alexa@0.0.6', null ]
50 verbose cache add name=undefined spec="node-red-contrib-alexa@0.0.6" args=["node-red-contrib-alexa@0.0.6",null]
51 verbose parsed url { protocol: null,
51 verbose parsed url   slashes: null,
51 verbose parsed url   auth: null,
51 verbose parsed url   host: null,
51 verbose parsed url   port: null,
51 verbose parsed url   hostname: null,
51 verbose parsed url   hash: null,
51 verbose parsed url   search: null,
51 verbose parsed url   query: null,
51 verbose parsed url   pathname: 'node-red-contrib-alexa@0.0.6',
51 verbose parsed url   path: 'node-red-contrib-alexa@0.0.6',
51 verbose parsed url   href: 'node-red-contrib-alexa@0.0.6' }
52 verbose cache add name="node-red" spec="0.x" args=["node-red","0.x"]
53 verbose parsed url { protocol: null,
53 verbose parsed url   slashes: null,
53 verbose parsed url   auth: null,
53 verbose parsed url   host: null,
53 verbose parsed url   port: null,
53 verbose parsed url   hostname: null,
53 verbose parsed url   hash: null,
53 verbose parsed url   search: null,
53 verbose parsed url   query: null,
53 verbose parsed url   pathname: '0.x',
53 verbose parsed url   path: '0.x',
53 verbose parsed url   href: '0.x' }
54 verbose addNamed [ 'node-red', '0.x' ]
55 verbose addNamed [ null, '>=0.0.0-0 <1.0.0-0' ]
56 silly lockFile f8ace082-when-3-x when@~3.x
57 verbose lock when@~3.x /Users/kelinchristi/.npm/f8ace082-when-3-x.lock
58 silly lockFile 634cf158-mongodb-1-4-x mongodb@~1.4.x
59 verbose lock mongodb@~1.4.x /Users/kelinchristi/.npm/634cf158-mongodb-1-4-x.lock
60 silly lockFile d33f1055-nano-5-11-0 nano@~5.11.0
61 verbose lock nano@~5.11.0 /Users/kelinchristi/.npm/d33f1055-nano-5-11-0.lock
62 silly lockFile 8af7650f-feedparser-0-19-2 feedparser@~0.19.2
63 verbose lock feedparser@~0.19.2 /Users/kelinchristi/.npm/8af7650f-feedparser-0-19-2.lock
64 silly lockFile 93f3235e-redis-0-10-1 redis@~0.10.1
65 verbose lock redis@~0.10.1 /Users/kelinchristi/.npm/93f3235e-redis-0-10-1.lock
66 silly lockFile a8a4ac42-node-red-0-x node-red@0.x
67 verbose lock node-red@0.x /Users/kelinchristi/.npm/a8a4ac42-node-red-0-x.lock
68 verbose cache add name="node-red-contrib-admin" spec="0.x" args=["node-red-contrib-admin","0.x"]
69 verbose parsed url { protocol: null,
69 verbose parsed url   slashes: null,
69 verbose parsed url   auth: null,
69 verbose parsed url   host: null,
69 verbose parsed url   port: null,
69 verbose parsed url   hostname: null,
69 verbose parsed url   hash: null,
69 verbose parsed url   search: null,
69 verbose parsed url   query: null,
69 verbose parsed url   pathname: '0.x',
69 verbose parsed url   path: '0.x',
69 verbose parsed url   href: '0.x' }
70 verbose addNamed [ 'node-red-contrib-admin', '0.x' ]
71 verbose addNamed [ null, '>=0.0.0-0 <1.0.0-0' ]
72 silly lockFile 75fdec26-node-red-contrib-admin-0-x node-red-contrib-admin@0.x
73 verbose lock node-red-contrib-admin@0.x /Users/kelinchristi/.npm/75fdec26-node-red-contrib-admin-0-x.lock
74 verbose cache add name="node-red-contrib-alexa" spec="0.0.6" args=["node-red-contrib-alexa","0.0.6"]
75 verbose parsed url { protocol: null,
75 verbose parsed url   slashes: null,
75 verbose parsed url   auth: null,
75 verbose parsed url   host: null,
75 verbose parsed url   port: null,
75 verbose parsed url   hostname: null,
75 verbose parsed url   hash: null,
75 verbose parsed url   search: null,
75 verbose parsed url   query: null,
75 verbose parsed url   pathname: '0.0.6',
75 verbose parsed url   path: '0.0.6',
75 verbose parsed url   href: '0.0.6' }
76 verbose addNamed [ 'node-red-contrib-alexa', '0.0.6' ]
77 verbose addNamed [ '0.0.6', '0.0.6' ]
78 silly lockFile 85884d99-node-red-contrib-alexa-0-0-6 node-red-contrib-alexa@0.0.6
79 verbose lock node-red-contrib-alexa@0.0.6 /Users/kelinchristi/.npm/85884d99-node-red-contrib-alexa-0-0-6.lock
80 silly addNameRange { name: 'when', range: '>=3.0.0-0 <4.0.0-0', hasData: false }
81 silly addNameRange { name: 'mongodb', range: '>=1.4.0-0 <1.5.0-0', hasData: false }
82 silly addNameRange { name: 'nano', range: '>=5.11.0-0 <5.12.0-0', hasData: false }
83 silly addNameRange { name: 'feedparser',
83 silly addNameRange   range: '>=0.19.2-0 <0.20.0-0',
83 silly addNameRange   hasData: false }
84 silly addNameRange { name: 'redis', range: '>=0.10.1-0 <0.11.0-0', hasData: false }
85 silly addNameRange { name: 'node-red', range: '>=0.0.0-0 <1.0.0-0', hasData: false }
86 silly addNameRange { name: 'node-red-contrib-admin',
86 silly addNameRange   range: '>=0.0.0-0 <1.0.0-0',
86 silly addNameRange   hasData: false }
87 verbose request where is /when
88 verbose request registry https://registry.npmjs.org/
89 verbose request id 2eff210e1f195b4a
90 verbose url raw /when
91 verbose url resolving [ 'https://registry.npmjs.org/', './when' ]
92 verbose url resolved https://registry.npmjs.org/when
93 verbose request where is https://registry.npmjs.org/when
94 info trying registry request attempt 1 at 17:08:16
95 verbose etag "4N53PJJTXBVLC61S70WY55YFA"
96 http GET https://registry.npmjs.org/when
97 verbose request where is /mongodb
98 verbose request registry https://registry.npmjs.org/
99 verbose url raw /mongodb
100 verbose url resolving [ 'https://registry.npmjs.org/', './mongodb' ]
101 verbose url resolved https://registry.npmjs.org/mongodb
102 verbose request where is https://registry.npmjs.org/mongodb
103 info trying registry request attempt 1 at 17:08:16
104 verbose etag "2R74LMOBF0XTUXV1B5ZLRAIZI"
105 http GET https://registry.npmjs.org/mongodb
106 verbose request where is /nano
107 verbose request registry https://registry.npmjs.org/
108 verbose url raw /nano
109 verbose url resolving [ 'https://registry.npmjs.org/', './nano' ]
110 verbose url resolved https://registry.npmjs.org/nano
111 verbose request where is https://registry.npmjs.org/nano
112 info trying registry request attempt 1 at 17:08:16
113 verbose etag "5R40GGJJ9DBJD9TEFGTXUGKDV"
114 http GET https://registry.npmjs.org/nano
115 verbose request where is /feedparser
116 verbose request registry https://registry.npmjs.org/
117 verbose url raw /feedparser
118 verbose url resolving [ 'https://registry.npmjs.org/', './feedparser' ]
119 verbose url resolved https://registry.npmjs.org/feedparser
120 verbose request where is https://registry.npmjs.org/feedparser
121 info trying registry request attempt 1 at 17:08:16
122 verbose etag "BV5S5NTL9K5TG6PMVW4KXKMKK"
123 http GET https://registry.npmjs.org/feedparser
124 verbose request where is /redis
125 verbose request registry https://registry.npmjs.org/
126 verbose url raw /redis
127 verbose url resolving [ 'https://registry.npmjs.org/', './redis' ]
128 verbose url resolved https://registry.npmjs.org/redis
129 verbose request where is https://registry.npmjs.org/redis
130 info trying registry request attempt 1 at 17:08:16
131 verbose etag "E3NSZEFWZ7JE4C10NTF6IPNHD"
132 http GET https://registry.npmjs.org/redis
133 verbose request where is /node-red
134 verbose request registry https://registry.npmjs.org/
135 verbose url raw /node-red
136 verbose url resolving [ 'https://registry.npmjs.org/', './node-red' ]
137 verbose url resolved https://registry.npmjs.org/node-red
138 verbose request where is https://registry.npmjs.org/node-red
139 info trying registry request attempt 1 at 17:08:16
140 verbose etag "1JO1OV20CJR5TB17B2T61KBYA"
141 http GET https://registry.npmjs.org/node-red
142 verbose request where is /node-red-contrib-alexa
143 verbose request registry https://registry.npmjs.org/
144 verbose url raw /node-red-contrib-alexa
145 verbose url resolving [ 'https://registry.npmjs.org/', './node-red-contrib-alexa' ]
146 verbose url resolved https://registry.npmjs.org/node-red-contrib-alexa
147 verbose request where is https://registry.npmjs.org/node-red-contrib-alexa
148 info trying registry request attempt 1 at 17:08:16
149 verbose etag "BSO6MSINBAZS6RAKT8DB5OAQL"
150 http GET https://registry.npmjs.org/node-red-contrib-alexa
151 verbose request where is /node-red-contrib-admin
152 verbose request registry https://registry.npmjs.org/
153 verbose url raw /node-red-contrib-admin
154 verbose url resolving [ 'https://registry.npmjs.org/', './node-red-contrib-admin' ]
155 verbose url resolved https://registry.npmjs.org/node-red-contrib-admin
156 verbose request where is https://registry.npmjs.org/node-red-contrib-admin
157 info trying registry request attempt 1 at 17:08:16
158 verbose etag "C76M04EL5S78L13DVKPQP4WAH"
159 http GET https://registry.npmjs.org/node-red-contrib-admin
160 http 304 https://registry.npmjs.org/feedparser
161 silly registry.get cb [ 304,
161 silly registry.get   { date: 'Thu, 06 Oct 2016 00:08:17 GMT',
161 silly registry.get     via: '1.1 varnish',
161 silly registry.get     'cache-control': 'max-age=300',
161 silly registry.get     etag: '"BV5S5NTL9K5TG6PMVW4KXKMKK"',
161 silly registry.get     age: '92',
161 silly registry.get     connection: 'keep-alive',
161 silly registry.get     'x-served-by': 'cache-sea1927-SEA',
161 silly registry.get     'x-cache': 'HIT',
161 silly registry.get     'x-cache-hits': '1',
161 silly registry.get     'x-timer': 'S1475712497.381329,VS0,VE0',
161 silly registry.get     vary: 'Accept-Encoding' } ]
162 verbose etag https://registry.npmjs.org/feedparser from cache
163 silly addNameRange number 2 { name: 'feedparser',
163 silly addNameRange   range: '>=0.19.2-0 <0.20.0-0',
163 silly addNameRange   hasData: true }
164 silly addNameRange versions [ 'feedparser',
164 silly addNameRange   [ '0.1.0',
164 silly addNameRange     '0.1.1',
164 silly addNameRange     '0.2.0',
164 silly addNameRange     '0.2.1',
164 silly addNameRange     '0.2.2',
164 silly addNameRange     '0.3.0',
164 silly addNameRange     '0.3.1',
164 silly addNameRange     '0.3.2',
164 silly addNameRange     '0.3.3',
164 silly addNameRange     '0.4.0',
164 silly addNameRange     '0.4.1',
164 silly addNameRange     '0.4.2',
164 silly addNameRange     '0.4.3',
164 silly addNameRange     '0.4.4',
164 silly addNameRange     '0.4.5',
164 silly addNameRange     '0.4.6',
164 silly addNameRange     '0.9.0',
164 silly addNameRange     '0.9.1',
164 silly addNameRange     '0.9.2',
164 silly addNameRange     '0.9.3',
164 silly addNameRange     '0.9.4',
164 silly addNameRange     '0.9.5',
164 silly addNameRange     '0.9.6',
164 silly addNameRange     '0.9.7',
164 silly addNameRange     '0.9.8',
164 silly addNameRange     '0.9.9',
164 silly addNameRange     '0.9.10',
164 silly addNameRange     '0.9.11',
164 silly addNameRange     '0.9.12',
164 silly addNameRange     '0.9.13',
164 silly addNameRange     '0.9.14',
164 silly addNameRange     '0.9.15',
164 silly addNameRange     '0.10.0-beta',
164 silly addNameRange     '0.10.1',
164 silly addNameRange     '0.10.2',
164 silly addNameRange     '0.10.3',
164 silly addNameRange     '0.10.4',
164 silly addNameRange     '0.10.5',
164 silly addNameRange     '0.10.6',
164 silly addNameRange     '0.10.7',
164 silly addNameRange     '0.10.8',
164 silly addNameRange     '0.10.9',
164 silly addNameRange     '0.10.10',
164 silly addNameRange     '0.10.11',
164 silly addNameRange     '0.10.12',
164 silly addNameRange     '0.10.13',
164 silly addNameRange     '0.11.0',
164 silly addNameRange     '0.12.0',
164 silly addNameRange     '0.13.0',
164 silly addNameRange     '0.13.1',
164 silly addNameRange     '0.13.2',
164 silly addNameRange     '0.13.3',
164 silly addNameRange     '0.13.4',
164 silly addNameRange     '0.14.0',
164 silly addNameRange     '0.15.0',
164 silly addNameRange     '0.15.1',
164 silly addNameRange     '0.15.2',
164 silly addNameRange     '0.15.3',
164 silly addNameRange     '0.15.4',
164 silly addNameRange     '0.16.0',
164 silly addNameRange     '0.15.5',
164 silly addNameRange     '0.16.1',
164 silly addNameRange     '0.15.6',
164 silly addNameRange     '0.15.7',
164 silly addNameRange     '0.15.8',
164 silly addNameRange     '0.16.2',
164 silly addNameRange     '0.16.3',
164 silly addNameRange     '0.16.4',
164 silly addNameRange     '0.15.9',
164 silly addNameRange     '0.16.5',
164 silly addNameRange     '0.15.10',
164 silly addNameRange     '0.16.6',
164 silly addNameRange     '0.17.0',
164 silly addNameRange     '0.18.0',
164 silly addNameRange     '0.18.1',
164 silly addNameRange     '0.19.0',
164 silly addNameRange     '0.19.1',
164 silly addNameRange     '0.19.2',
164 silly addNameRange     '1.0.0',
164 silly addNameRange     '1.0.1',
164 silly addNameRange     '1.1.0',
164 silly addNameRange     '1.1.1',
164 silly addNameRange     '1.1.2',
164 silly addNameRange     '1.1.3',
164 silly addNameRange     '1.1.4',
164 silly addNameRange     '1.1.5' ] ]
165 verbose addNamed [ 'feedparser', '0.19.2' ]
166 verbose addNamed [ '0.19.2', '0.19.2' ]
167 silly lockFile 00d39b1e-feedparser-0-19-2 feedparser@0.19.2
168 verbose lock feedparser@0.19.2 /Users/kelinchristi/.npm/00d39b1e-feedparser-0-19-2.lock
169 silly lockFile 8aa6718d-feedparser-feedparser-0-19-2-tgz https://registry.npmjs.org/feedparser/-/feedparser-0.19.2.tgz
170 verbose lock https://registry.npmjs.org/feedparser/-/feedparser-0.19.2.tgz /Users/kelinchristi/.npm/8aa6718d-feedparser-feedparser-0-19-2-tgz.lock
171 verbose addRemoteTarball [ 'https://registry.npmjs.org/feedparser/-/feedparser-0.19.2.tgz',
171 verbose addRemoteTarball   '9de04f1621e755f2c151daf39f0ea662a0e392b7' ]
172 info retry fetch attempt 1 at 17:08:18
173 verbose fetch to= /var/folders/z0/7z93vz0x1pqb4rmk4gz1x67m0000gn/T/npm-6597-j_608DYZ/registry.npmjs.org/feedparser/-/feedparser-0.19.2.tgz
174 http GET https://registry.npmjs.org/feedparser/-/feedparser-0.19.2.tgz
175 http 304 https://registry.npmjs.org/nano
176 silly registry.get cb [ 304,
176 silly registry.get   { date: 'Thu, 06 Oct 2016 00:08:17 GMT',
176 silly registry.get     via: '1.1 varnish',
176 silly registry.get     'cache-control': 'max-age=300',
176 silly registry.get     etag: '"5R40GGJJ9DBJD9TEFGTXUGKDV"',
176 silly registry.get     age: '220',
176 silly registry.get     connection: 'keep-alive',
176 silly registry.get     'x-served-by': 'cache-sea1924-SEA',
176 silly registry.get     'x-cache': 'HIT',
176 silly registry.get     'x-cache-hits': '4',
176 silly registry.get     'x-timer': 'S1475712497.595684,VS0,VE0',
176 silly registry.get     vary: 'Accept-Encoding' } ]
177 verbose etag https://registry.npmjs.org/nano from cache
178 http 304 https://registry.npmjs.org/when
179 silly registry.get cb [ 304,
179 silly registry.get   { date: 'Thu, 06 Oct 2016 00:08:17 GMT',
179 silly registry.get     via: '1.1 varnish',
179 silly registry.get     'cache-control': 'max-age=300',
179 silly registry.get     etag: '"4N53PJJTXBVLC61S70WY55YFA"',
179 silly registry.get     age: '117',
179 silly registry.get     connection: 'keep-alive',
179 silly registry.get     'x-served-by': 'cache-sea1926-SEA',
179 silly registry.get     'x-cache': 'HIT',
179 silly registry.get     'x-cache-hits': '3',
179 silly registry.get     'x-timer': 'S1475712497.595173,VS0,VE0',
179 silly registry.get     vary: 'Accept-Encoding' } ]
180 verbose etag https://registry.npmjs.org/when from cache
181 http 304 https://registry.npmjs.org/mongodb
182 silly registry.get cb [ 304,
182 silly registry.get   { date: 'Thu, 06 Oct 2016 00:08:17 GMT',
182 silly registry.get     via: '1.1 varnish',
182 silly registry.get     'cache-control': 'max-age=300',
182 silly registry.get     etag: '"2R74LMOBF0XTUXV1B5ZLRAIZI"',
182 silly registry.get     age: '125',
182 silly registry.get     connection: 'keep-alive',
182 silly registry.get     'x-served-by': 'cache-sea1923-SEA',
182 silly registry.get     'x-cache': 'HIT',
182 silly registry.get     'x-cache-hits': '2',
182 silly registry.get     'x-timer': 'S1475712497.596897,VS0,VE0',
182 silly registry.get     vary: 'Accept-Encoding' } ]
183 verbose etag https://registry.npmjs.org/mongodb from cache
184 http 304 https://registry.npmjs.org/redis
185 silly registry.get cb [ 304,
185 silly registry.get   { date: 'Thu, 06 Oct 2016 00:08:17 GMT',
185 silly registry.get     via: '1.1 varnish',
185 silly registry.get     'cache-control': 'max-age=300',
185 silly registry.get     etag: '"E3NSZEFWZ7JE4C10NTF6IPNHD"',
185 silly registry.get     age: '18',
185 silly registry.get     connection: 'keep-alive',
185 silly registry.get     'x-served-by': 'cache-sea1920-SEA',
185 silly registry.get     'x-cache': 'HIT',
185 silly registry.get     'x-cache-hits': '3',
185 silly registry.get     'x-timer': 'S1475712497.595180,VS0,VE0',
185 silly registry.get     vary: 'Accept-Encoding' } ]
186 verbose etag https://registry.npmjs.org/redis from cache
187 silly addNameRange number 2 { name: 'when', range: '>=3.0.0-0 <4.0.0-0', hasData: true }
188 silly addNameRange versions [ 'when',
188 silly addNameRange   [ '1.2.0',
188 silly addNameRange     '1.3.0',
188 silly addNameRange     '1.4.0',
188 silly addNameRange     '1.4.1',
188 silly addNameRange     '1.4.2',
188 silly addNameRange     '1.4.3',
188 silly addNameRange     '1.4.4',
188 silly addNameRange     '1.5.0',
188 silly addNameRange     '1.5.1',
188 silly addNameRange     '1.5.2',
188 silly addNameRange     '1.6.0',
188 silly addNameRange     '1.6.1',
188 silly addNameRange     '1.7.0',
188 silly addNameRange     '1.7.1',
188 silly addNameRange     '1.8.0',
188 silly addNameRange     '1.8.1',
188 silly addNameRange     '2.0.0',
188 silly addNameRange     '2.0.1',
188 silly addNameRange     '2.1.0',
188 silly addNameRange     '2.1.1',
188 silly addNameRange     '2.2.0',
188 silly addNameRange     '2.2.1',
188 silly addNameRange     '2.3.0',
188 silly addNameRange     '2.4.0',
188 silly addNameRange     '2.5.0',
188 silly addNameRange     '2.5.1',
188 silly addNameRange     '2.6.0',
188 silly addNameRange     '2.7.0',
188 silly addNameRange     '2.7.1',
188 silly addNameRange     '2.8.0',
188 silly addNameRange     '3.0.0',
188 silly addNameRange     '3.0.1',
188 silly addNameRange     '3.1.0',
188 silly addNameRange     '3.2.0',
188 silly addNameRange     '3.2.1',
188 silly addNameRange     '3.2.2',
188 silly addNameRange     '3.2.3',
188 silly addNameRange     '3.3.0',
188 silly addNameRange     '3.3.1',
188 silly addNameRange     '3.4.0',
188 silly addNameRange     '3.4.1',
188 silly addNameRange     '3.4.2',
188 silly addNameRange     '3.4.3',
188 silly addNameRange     '3.4.4',
188 silly addNameRange     '3.4.5',
188 silly addNameRange     '3.4.6',
188 silly addNameRange     '3.5.0',
188 silly addNameRange     '3.5.1',
188 silly addNameRange     '3.5.2',
188 silly addNameRange     '3.6.0',
188 silly addNameRange     '3.6.1',
188 silly addNameRange     '3.6.2',
188 silly addNameRange     '3.6.3',
188 silly addNameRange     '3.6.4',
188 silly addNameRange     '3.7.0',
188 silly addNameRange     '3.7.1',
188 silly addNameRange     '3.7.2',
188 silly addNameRange     '3.7.3',
188 silly addNameRange     '3.7.4',
188 silly addNameRange     '3.7.5',
188 silly addNameRange     '3.7.6',
188 silly addNameRange     '3.7.7' ] ]
189 verbose addNamed [ 'when', '3.7.7' ]
190 verbose addNamed [ '3.7.7', '3.7.7' ]
191 silly lockFile 527e09e7-when-3-7-7 when@3.7.7
192 verbose lock when@3.7.7 /Users/kelinchristi/.npm/527e09e7-when-3-7-7.lock
193 silly addNameRange number 2 { name: 'nano', range: '>=5.11.0-0 <5.12.0-0', hasData: true }
194 silly addNameRange versions [ 'nano',
194 silly addNameRange   [ '0.0.1',
194 silly addNameRange     '0.0.2',
194 silly addNameRange     '0.0.3',
194 silly addNameRange     '0.1.5',
194 silly addNameRange     '0.1.6',
194 silly addNameRange     '0.1.7',
194 silly addNameRange     '0.1.8',
194 silly addNameRange     '0.1.9',
194 silly addNameRange     '0.2.0',
194 silly addNameRange     '0.3.1',
194 silly addNameRange     '0.3.2',
194 silly addNameRange     '0.4.0',
194 silly addNameRange     '0.4.1',
194 silly addNameRange     '0.4.2',
194 silly addNameRange     '0.4.3',
194 silly addNameRange     '0.4.4',
194 silly addNameRange     '0.4.5',
194 silly addNameRange     '0.4.6',
194 silly addNameRange     '0.5.3',
194 silly addNameRange     '0.5.4',
194 silly addNameRange     '0.5.5',
194 silly addNameRange     '0.5.6',
194 silly addNameRange     '0.5.7',
194 silly addNameRange     '0.5.8',
194 silly addNameRange     '0.6.0',
194 silly addNameRange     '0.6.1',
194 silly addNameRange     '0.6.2',
194 silly addNameRange     '0.6.4',
194 silly addNameRange     '0.6.5',
194 silly addNameRange     '0.6.6',
194 silly addNameRange     '0.7.0',
194 silly addNameRange     '0.7.1',
194 silly addNameRange     '0.7.2',
194 silly addNameRange     '0.7.3',
194 silly addNameRange     '0.7.4',
194 silly addNameRange     '0.8.0',
194 silly addNameRange     '0.8.1',
194 silly addNameRange     '0.8.2',
194 silly addNameRange     '0.8.3',
194 silly addNameRange     '0.8.4',
194 silly addNameRange     '0.8.5',
194 silly addNameRange     '0.8.6',
194 silly addNameRange     '0.8.7',
194 silly addNameRange     '0.9.0',
194 silly addNameRange     '0.9.1',
194 silly addNameRange     '0.9.2',
194 silly addNameRange     '0.9.3',
194 silly addNameRange     '0.9.4',
194 silly addNameRange     '0.9.5',
194 silly addNameRange     '0.9.7',
194 silly addNameRange     '0.9.8',
194 silly addNameRange     '1.0.0',
194 silly addNameRange     '1.0.1',
194 silly addNameRange     '1.0.2',
194 silly addNameRange     '1.1.0',
194 silly addNameRange     '1.1.1',
194 silly addNameRange     '1.1.2',
194 silly addNameRange     '1.1.3',
194 silly addNameRange     '1.1.4',
194 silly addNameRange     '1.1.5',
194 silly addNameRange     '1.2.0',
194 silly addNameRange     '1.2.1',
194 silly addNameRange     '1.3.0',
194 silly addNameRange     '1.3.1',
194 silly addNameRange     '1.3.2',
194 silly addNameRange     '1.3.3',
194 silly addNameRange     '1.3.4',
194 silly addNameRange     '1.3.5',
194 silly addNameRange     '1.3.37',
194 silly addNameRange     '1.3.8',
194 silly addNameRange     '1.3.9',
194 silly addNameRange     '2.0.0',
194 silly addNameRange     '2.1.0',
194 silly addNameRange     '2.1.1',
194 silly addNameRange     '3.0.0',
194 silly addNameRange     '3.0.1',
194 silly addNameRange     '3.0.3',
194 silly addNameRange     '3.0.4',
194 silly addNameRange     '3.0.5',
194 silly addNameRange     '3.0.6',
194 silly addNameRange     '3.0.7',
194 silly addNameRange     '3.0.8',
194 silly addNameRange     '3.0.9',
194 silly addNameRange     '3.1.0',
194 silly addNameRange     '3.1.1',
194 silly addNameRange     '3.1.2',
194 silly addNameRange     '3.1.3',
194 silly addNameRange     '3.2.0',
194 silly addNameRange     '3.3.0',
194 silly addNameRange     '3.3.1',
194 silly addNameRange     '3.3.2',
194 silly addNameRange     '3.3.3',
194 silly addNameRange     '3.3.4',
194 silly addNameRange     '3.3.5',
194 silly addNameRange     '3.3.6',
194 silly addNameRange     '3.3.7',
194 silly addNameRange     '3.3.8',
194 silly addNameRange     '3.4.0',
194 silly addNameRange     '4.0.0',
194 silly addNameRange     '4.1.1',
194 silly addNameRange     '4.1.3',
194 silly addNameRange     '4.1.4',
194 silly addNameRange     '4.2.0',
194 silly addNameRange     '4.2.1',
194 silly addNameRange     '4.3.0',
194 silly addNameRange     '4.4.0',
194 silly addNameRange     '4.6.1',
194 silly addNameRange     '4.7.1',
194 silly addNameRange     '5.7.1',
194 silly addNameRange     '5.8.0',
194 silly addNameRange     '5.9.0',
194 silly addNameRange     '5.9.1',
194 silly addNameRange     '5.10.0',
194 silly addNameRange     '5.11.0',
194 silly addNameRange     '5.11.2',
194 silly addNameRange     '5.12.0',
194 silly addNameRange     '5.12.2',
194 silly addNameRange     '6.0.0',
194 silly addNameRange     '6.0.1',
194 silly addNameRange     '6.0.2',
194 silly addNameRange     '6.1.0',
194 silly addNameRange     '6.1.1',
194 silly addNameRange     '6.1.2',
194 silly addNameRange     '6.1.3',
194 silly addNameRange     '6.1.4',
194 silly addNameRange     '6.1.5',
194 silly addNameRange     '6.2.0' ] ]
195 verbose addNamed [ 'nano', '5.11.2' ]
196 verbose addNamed [ '5.11.2', '5.11.2' ]
197 silly lockFile b0fdede5-nano-5-11-2 nano@5.11.2
198 verbose lock nano@5.11.2 /Users/kelinchristi/.npm/b0fdede5-nano-5-11-2.lock
199 silly addNameRange number 2 { name: 'mongodb', range: '>=1.4.0-0 <1.5.0-0', hasData: true }
200 silly addNameRange versions [ 'mongodb',
200 silly addNameRange   [ '0.9.4',
200 silly addNameRange     '0.9.4-4',
200 silly addNameRange     '0.9.3',
200 silly addNameRange     '0.9.1',
200 silly addNameRange     '0.9.2',
200 silly addNameRange     '0.9.6-7',
200 silly addNameRange     '0.9.6-8',
200 silly addNameRange     '0.9.6-9',
200 silly addNameRange     '0.9.6-10',
200 silly addNameRange     '0.9.6-11',
200 silly addNameRange     '0.9.6-12',
200 silly addNameRange     '0.9.6-13',
200 silly addNameRange     '0.9.6-14',
200 silly addNameRange     '0.9.6-15',
200 silly addNameRange     '0.9.6-16',
200 silly addNameRange     '0.9.6-17',
200 silly addNameRange     '0.9.6-18',
200 silly addNameRange     '0.9.6-19',
200 silly addNameRange     '0.9.6-20',
200 silly addNameRange     '0.9.6-21',
200 silly addNameRange     '0.9.6-22',
200 silly addNameRange     '0.9.6-23',
200 silly addNameRange     '0.9.7',
200 silly addNameRange     '0.9.7-0',
200 silly addNameRange     '0.9.7-1',
200 silly addNameRange     '0.9.7-1.1',
200 silly addNameRange     '0.9.7-1.2',
200 silly addNameRange     '0.9.7-1.3',
200 silly addNameRange     '0.9.7-1.4',
200 silly addNameRange     '0.9.7-2',
200 silly addNameRange     '0.9.7-2-1',
200 silly addNameRange     '0.9.7-2-2',
200 silly addNameRange     '0.9.7-2-3',
200 silly addNameRange     '0.9.7-2-4',
200 silly addNameRange     '0.9.7-2-5',
200 silly addNameRange     '0.9.7-3',
200 silly addNameRange     '0.9.7-3-1',
200 silly addNameRange     '0.9.7-3-2',
200 silly addNameRange     '0.9.7-3-3',
200 silly addNameRange     '0.9.7-3-4',
200 silly addNameRange     '0.9.7-3-5',
200 silly addNameRange     '0.9.8',
200 silly addNameRange     '0.9.8-1',
200 silly addNameRange     '0.9.8-2',
200 silly addNameRange     '0.9.8-3',
200 silly addNameRange     '0.9.8-4',
200 silly addNameRange     '0.9.8-5',
200 silly addNameRange     '0.9.8-6',
200 silly addNameRange     '0.9.8-7',
200 silly addNameRange     '0.9.9',
200 silly addNameRange     '0.9.9-1',
200 silly addNameRange     '0.9.9-2',
200 silly addNameRange     '0.9.9-3',
200 silly addNameRange     '0.9.9-4',
200 silly addNameRange     '0.9.9-5',
200 silly addNameRange     '0.9.9-6',
200 silly addNameRange     '0.9.9-7',
200 silly addNameRange     '0.9.9-8',
200 silly addNameRange     '1.0.0',
200 silly addNameRange     '1.0.1',
200 silly addNameRange     '1.0.2',
200 silly addNameRange     '1.1.0-beta',
200 silly addNameRange     '1.1.0',
200 silly addNameRange     '1.1.1',
200 silly addNameRange     '1.1.2',
200 silly addNameRange     '1.1.3',
200 silly addNameRange     '1.1.4',
200 silly addNameRange     '1.1.5',
200 silly addNameRange     '1.1.6',
200 silly addNameRange     '1.1.7',
200 silly addNameRange     '1.1.8',
200 silly addNameRange     '1.1.9',
200 silly addNameRange     '1.1.10',
200 silly addNameRange     '1.1.11',
200 silly addNameRange     '1.2.0',
200 silly addNameRange     '1.2.1',
200 silly addNameRange     '1.2.2',
200 silly addNameRange     '1.2.3',
200 silly addNameRange     '1.2.4',
200 silly addNameRange     '1.2.5',
200 silly addNameRange     '1.2.6',
200 silly addNameRange     '1.2.7',
200 silly addNameRange     '1.2.8',
200 silly addNameRange     '1.2.9',
200 silly addNameRange     '1.2.10',
200 silly addNameRange     '1.2.11',
200 silly addNameRange     '1.2.12',
200 silly addNameRange     '1.2.13',
200 silly addNameRange     '1.2.14',
200 silly addNameRange     '1.3.0',
200 silly addNameRange     '1.3.1',
200 silly addNameRange     '1.3.2',
200 silly addNameRange     '1.3.3',
200 silly addNameRange     '1.3.4',
200 silly addNameRange     '1.3.5',
200 silly addNameRange     '1.3.6',
200 silly addNameRange     '1.3.7',
200 silly addNameRange     '1.3.8',
200 silly addNameRange     '1.3.9',
200 silly addNameRange     '1.3.10',
200 silly addNameRange     '1.3.11',
200 silly addNameRange     '1.3.12',
200 silly addNameRange     '1.3.14',
200 silly addNameRange     '1.3.15',
200 silly addNameRange     '1.3.17',
200 silly addNameRange     '1.3.18',
200 silly addNameRange     '1.3.19',
200 silly addNameRange     '1.4.0-rc2',
200 silly addNameRange     '1.3.20',
200 silly addNameRange     '1.4.0-rc3',
200 silly addNameRange     '1.3.21',
200 silly addNameRange     '1.3.22',
200 silly addNameRange     '1.3.23',
200 silly addNameRange     '1.4.0-rc4',
200 silly addNameRange     '1.4.0-rc5',
200 silly addNameRange     '1.4.0-rc6',
200 silly addNameRange     '1.4.0-rc7',
200 silly addNameRange     '1.4.0-rc8',
200 silly addNameRange     '1.4.0-rc9',
200 silly addNameRange     '1.4.0-rc10',
200 silly addNameRange     '1.4.0',
200 silly addNameRange     '1.4.1',
200 silly addNameRange     '1.4.2',
200 silly addNameRange     '1.4.3',
200 silly addNameRange     '1.4.4',
200 silly addNameRange     '1.4.5',
200 silly addNameRange     '1.4.6',
200 silly addNameRange     '1.4.7',
200 silly addNameRange     '1.4.8',
200 silly addNameRange     '1.4.9',
200 silly addNameRange     '1.4.10',
200 silly addNameRange     '2.0.0-alpha1',
200 silly addNameRange     '1.4.11',
200 silly addNameRange     '1.4.12',
200 silly addNameRange     '1.4.14',
200 silly addNameRange     '1.4.15',
200 silly addNameRange     '1.4.16',
200 silly addNameRange     '1.4.17',
200 silly addNameRange     '2.0.0-alpha2',
200 silly addNameRange     '1.4.18',
200 silly addNameRange     '2.0.0',
200 silly addNameRange     '2.0.1',
200 silly addNameRange     '2.0.2',
200 silly addNameRange     '1.4.19',
200 silly addNameRange     '2.0.3',
200 silly addNameRange     '2.0.4',
200 silly addNameRange     '2.0.5',
200 silly addNameRange     '2.0.6',
200 silly addNameRange     '1.4.20',
200 silly addNameRange     '1.4.22',
200 silly addNameRange     '2.0.7',
200 silly addNameRange     '2.0.8',
200 silly addNameRange     '2.0.9',
200 silly addNameRange     '1.4.23',
200 silly addNameRange     '2.0.10',
200 silly addNameRange     '1.4.24',
200 silly addNameRange     '2.0.11',
200 silly addNameRange     '1.4.25',
200 silly addNameRange     '2.0.12',
200 silly addNameRange     '1.4.26',
200 silly addNameRange     '1.4.27',
200 silly addNameRange     '1.4.28',
200 silly addNameRange     '2.0.13',
200 silly addNameRange     '2.0.14',
200 silly addNameRange     '1.4.29',
200 silly addNameRange     '2.0.15',
200 silly addNameRange     '1.4.30',
200 silly addNameRange     '2.0.16',
200 silly addNameRange     '1.4.31',
200 silly addNameRange     '2.0.17',
200 silly addNameRange     '1.4.32',
200 silly addNameRange     '2.0.18',
200 silly addNameRange     '2.0.19',
200 silly addNameRange     '1.4.33',
200 silly addNameRange     '2.0.20',
200 silly addNameRange     '2.0.21',
200 silly addNameRange     '1.4.34',
200 silly addNameRange     '2.0.22',
200 silly addNameRange     '2.0.23',
200 silly addNameRange     '1.4.35',
200 silly addNameRange     '2.0.24',
200 silly addNameRange     '2.0.25',
200 silly addNameRange     '2.0.26',
200 silly addNameRange     '2.0.27',
200 silly addNameRange     '2.0.28',
200 silly addNameRange     '2.0.29',
200 silly addNameRange     '1.4.36',
200 silly addNameRange     '2.0.30',
200 silly addNameRange     '1.4.37',
200 silly addNameRange     '2.0.31',
200 silly addNameRange     '1.4.38',
200 silly addNameRange     '2.0.32',
200 silly addNameRange     '2.0.33',
200 silly addNameRange     '2.1.0-alpha',
200 silly addNameRange     '2.0.34',
200 silly addNameRange     '2.0.35',
200 silly addNameRange     '2.0.36',
200 silly addNameRange     '2.0.37',
200 silly addNameRange     '2.0.38',
200 silly addNameRange     '2.0.39',
200 silly addNameRange     '1.4.39',
200 silly addNameRange     '2.0.40',
200 silly addNameRange     '2.0.41',
200 silly addNameRange     '2.0.42',
200 silly addNameRange     '2.0.43',
200 silly addNameRange     '2.0.44',
200 silly addNameRange     '2.0.45',
200 silly addNameRange     '2.0.46',
200 silly addNameRange     '2.0.47',
200 silly addNameRange     '2.0.48',
200 silly addNameRange     '2.1.0-rc1',
200 silly addNameRange     '2.0.49',
200 silly addNameRange     '2.0.50',
200 silly addNameRange     '2.1.0',
200 silly addNameRange     '2.0.51',
200 silly addNameRange     '2.1.1',
200 silly addNameRange     '2.0.52',
200 silly addNameRange     '2.0.53',
200 silly addNameRange     '2.1.2',
200 silly addNameRange     '2.1.3',
200 silly addNameRange     '2.0.54',
200 silly addNameRange     '2.0.55',
200 silly addNameRange     '1.4.40',
200 silly addNameRange     '2.1.4',
200 silly addNameRange     '2.1.5',
200 silly addNameRange     '2.1.6',
200 silly addNameRange     '2.1.7',
200 silly addNameRange     '2.1.8',
200 silly addNameRange     '2.1.9',
200 silly addNameRange     '2.1.10',
200 silly addNameRange     '2.1.11',
200 silly addNameRange     '2.1.12',
200 silly addNameRange     '2.1.13',
200 silly addNameRange     '2.1.14',
200 silly addNameRange     '2.1.15',
200 silly addNameRange     '2.1.16',
200 silly addNameRange     '2.1.17',
200 silly addNameRange     '2.1.18',
200 silly addNameRange     '2.1.19',
200 silly addNameRange     '2.1.20',
200 silly addNameRange     '2.1.21',
200 silly addNameRange     '2.1.22-alpha',
200 silly addNameRange     '2.1.22-alpha2',
200 silly addNameRange     '2.1.22-alpha3',
200 silly addNameRange     '2.1.22-alpha4',
200 silly addNameRange     '2.2.0-alpha1',
200 silly addNameRange     '2.2.0-alpha2',
200 silly addNameRange     '2.2.0',
200 silly addNameRange     '2.2.1',
200 silly addNameRange     '2.2.2',
200 silly addNameRange     '2.2.3',
200 silly addNameRange     '2.2.4',
200 silly addNameRange     '2.2.5',
200 silly addNameRange     '2.2.6',
200 silly addNameRange     '2.2.7',
200 silly addNameRange     '2.2.8',
200 silly addNameRange     '2.2.9',
200 silly addNameRange     '2.2.10' ] ]
201 verbose addNamed [ 'mongodb', '1.4.40' ]
202 verbose addNamed [ '1.4.40', '1.4.40' ]
203 silly lockFile cd582d3b-mongodb-1-4-40 mongodb@1.4.40
204 verbose lock mongodb@1.4.40 /Users/kelinchristi/.npm/cd582d3b-mongodb-1-4-40.lock
205 silly addNameRange number 2 { name: 'redis', range: '>=0.10.1-0 <0.11.0-0', hasData: true }
206 silly addNameRange versions [ 'redis',
206 silly addNameRange   [ '0.0.1',
206 silly addNameRange     '0.0.2',
206 silly addNameRange     '0.0.3',
206 silly addNameRange     '0.0.4',
206 silly addNameRange     '0.0.7',
206 silly addNameRange     '0.0.8',
206 silly addNameRange     '0.1.0',
206 silly addNameRange     '0.1.1',
206 silly addNameRange     '0.1.2',
206 silly addNameRange     '0.2.0',
206 silly addNameRange     '0.2.1',
206 silly addNameRange     '0.2.2',
206 silly addNameRange     '0.2.3',
206 silly addNameRange     '0.2.4',
206 silly addNameRange     '0.2.6',
206 silly addNameRange     '0.3.0',
206 silly addNameRange     '0.3.1',
206 silly addNameRange     '0.3.2',
206 silly addNameRange     '0.3.3',
206 silly addNameRange     '0.3.4',
206 silly addNameRange     '0.3.5',
206 silly addNameRange     '0.3.6',
206 silly addNameRange     '0.3.7',
206 silly addNameRange     '0.3.9',
206 silly addNameRange     '0.4.0',
206 silly addNameRange     '0.4.1',
206 silly addNameRange     '0.4.2',
206 silly addNameRange     '0.5.0',
206 silly addNameRange     '0.5.1',
206 silly addNameRange     '0.5.2',
206 silly addNameRange     '0.5.3',
206 silly addNameRange     '0.5.4',
206 silly addNameRange     '0.5.5',
206 silly addNameRange     '0.5.6',
206 silly addNameRange     '0.5.7',
206 silly addNameRange     '0.5.8',
206 silly addNameRange     '0.5.9',
206 silly addNameRange     '0.5.10',
206 silly addNameRange     '0.5.11',
206 silly addNameRange     '0.6.0',
206 silly addNameRange     '0.6.1',
206 silly addNameRange     '0.6.2',
206 silly addNameRange     '0.6.3',
206 silly addNameRange     '0.6.4',
206 silly addNameRange     '0.6.5',
206 silly addNameRange     '0.6.6',
206 silly addNameRange     '0.6.7',
206 silly addNameRange     '0.7.0',
206 silly addNameRange     '0.7.1',
206 silly addNameRange     '0.7.2',
206 silly addNameRange     '0.7.3',
206 silly addNameRange     '0.8.0',
206 silly addNameRange     '0.8.1',
206 silly addNameRange     '0.8.2',
206 silly addNameRange     '0.8.3',
206 silly addNameRange     '0.8.4',
206 silly addNameRange     '0.8.5',
206 silly addNameRange     '0.8.6',
206 silly addNameRange     '0.9.0',
206 silly addNameRange     '0.9.1',
206 silly addNameRange     '0.9.2',
206 silly addNameRange     '0.10.0',
206 silly addNameRange     '0.10.1',
206 silly addNameRange     '0.10.2',
206 silly addNameRange     '0.10.3',
206 silly addNameRange     '0.11.0',
206 silly addNameRange     '0.12.0',
206 silly addNameRange     '0.12.1',
206 silly addNameRange     '1.0.0',
206 silly addNameRange     '2.0.0',
206 silly addNameRange     '2.0.1',
206 silly addNameRange     '2.1.0',
206 silly addNameRange     '2.2.0',
206 silly addNameRange     '2.2.1',
206 silly addNameRange     '2.2.2',
206 silly addNameRange     '2.2.3',
206 silly addNameRange     '2.2.4',
206 silly addNameRange     '2.2.5',
206 silly addNameRange     '2.3.0',
206 silly addNameRange     '2.3.1',
206 silly addNameRange     '2.4.0',
206 silly addNameRange     '2.4.1',
206 silly addNameRange     '2.4.2',
206 silly addNameRange     '2.5.0-1',
206 silly addNameRange     '2.5.0',
206 silly addNameRange     '2.5.1',
206 silly addNameRange     '2.5.2',
206 silly addNameRange     '2.5.3',
206 silly addNameRange     '2.6.0-0',
206 silly addNameRange     '2.6.0-1',
206 silly addNameRange     '2.6.0-2',
206 silly addNameRange     '2.6.0',
206 silly addNameRange     '2.6.1',
206 silly addNameRange     '2.6.2' ] ]
207 verbose addNamed [ 'redis', '0.10.3' ]
208 verbose addNamed [ '0.10.3', '0.10.3' ]
209 silly lockFile 32438902-redis-0-10-3 redis@0.10.3
210 verbose lock redis@0.10.3 /Users/kelinchristi/.npm/32438902-redis-0-10-3.lock
211 http 304 https://registry.npmjs.org/node-red
212 silly registry.get cb [ 304,
212 silly registry.get   { date: 'Thu, 06 Oct 2016 00:08:18 GMT',
212 silly registry.get     via: '1.1 varnish',
212 silly registry.get     'cache-control': 'max-age=300',
212 silly registry.get     etag: '"1JO1OV20CJR5TB17B2T61KBYA"',
212 silly registry.get     age: '220',
212 silly registry.get     connection: 'keep-alive',
212 silly registry.get     'x-served-by': 'cache-sea1927-SEA',
212 silly registry.get     'x-cache': 'HIT',
212 silly registry.get     'x-cache-hits': '2',
212 silly registry.get     'x-timer': 'S1475712498.264039,VS0,VE0',
212 silly registry.get     vary: 'Accept-Encoding' } ]
213 verbose etag https://registry.npmjs.org/node-red from cache
214 http 304 https://registry.npmjs.org/node-red-contrib-admin
215 silly registry.get cb [ 304,
215 silly registry.get   { date: 'Thu, 06 Oct 2016 00:08:18 GMT',
215 silly registry.get     via: '1.1 varnish',
215 silly registry.get     'cache-control': 'max-age=300',
215 silly registry.get     etag: '"C76M04EL5S78L13DVKPQP4WAH"',
215 silly registry.get     age: '220',
215 silly registry.get     connection: 'keep-alive',
215 silly registry.get     'x-served-by': 'cache-sea1926-SEA',
215 silly registry.get     'x-cache': 'HIT',
215 silly registry.get     'x-cache-hits': '2',
215 silly registry.get     'x-timer': 'S1475712498.302095,VS0,VE0',
215 silly registry.get     vary: 'Accept-Encoding' } ]
216 verbose etag https://registry.npmjs.org/node-red-contrib-admin from cache
217 http 304 https://registry.npmjs.org/node-red-contrib-alexa
218 silly registry.get cb [ 304,
218 silly registry.get   { date: 'Thu, 06 Oct 2016 00:08:18 GMT',
218 silly registry.get     via: '1.1 varnish',
218 silly registry.get     'cache-control': 'max-age=300',
218 silly registry.get     etag: '"BSO6MSINBAZS6RAKT8DB5OAQL"',
218 silly registry.get     age: '220',
218 silly registry.get     connection: 'keep-alive',
218 silly registry.get     'x-served-by': 'cache-sea1924-SEA',
218 silly registry.get     'x-cache': 'HIT',
218 silly registry.get     'x-cache-hits': '1',
218 silly registry.get     'x-timer': 'S1475712498.302747,VS0,VE0',
218 silly registry.get     vary: 'Accept-Encoding' } ]
219 verbose etag https://registry.npmjs.org/node-red-contrib-alexa from cache
220 silly lockFile 527e09e7-when-3-7-7 when@3.7.7
221 silly lockFile 527e09e7-when-3-7-7 when@3.7.7
222 silly lockFile f8ace082-when-3-x when@~3.x
223 silly lockFile f8ace082-when-3-x when@~3.x
224 silly lockFile b0fdede5-nano-5-11-2 nano@5.11.2
225 silly lockFile b0fdede5-nano-5-11-2 nano@5.11.2
226 silly addNameRange number 2 { name: 'node-red', range: '>=0.0.0-0 <1.0.0-0', hasData: true }
227 silly addNameRange versions [ 'node-red',
227 silly addNameRange   [ '0.1.0',
227 silly addNameRange     '0.2.0',
227 silly addNameRange     '0.3.0',
227 silly addNameRange     '0.4.0',
227 silly addNameRange     '0.5.0',
227 silly addNameRange     '0.6.0',
227 silly addNameRange     '0.7.0',
227 silly addNameRange     '0.7.1',
227 silly addNameRange     '0.7.2',
227 silly addNameRange     '0.8.0',
227 silly addNameRange     '0.8.1',
227 silly addNameRange     '0.9.0',
227 silly addNameRange     '0.9.1',
227 silly addNameRange     '0.9.1-nocolors',
227 silly addNameRange     '0.10.0',
227 silly addNameRange     '0.10.1',
227 silly addNameRange     '0.10.2',
227 silly addNameRange     '0.10.3',
227 silly addNameRange     '0.10.4',
227 silly addNameRange     '0.10.6',
227 silly addNameRange     '0.10.8',
227 silly addNameRange     '0.10.8-2',
227 silly addNameRange     '0.10.8-3',
227 silly addNameRange     '0.10.9',
227 silly addNameRange     '0.10.10',
227 silly addNameRange     '0.11.0',
227 silly addNameRange     '0.11.1',
227 silly addNameRange     '0.11.2',
227 silly addNameRange     '0.12.0',
227 silly addNameRange     '0.12.1',
227 silly addNameRange     '0.12.2',
227 silly addNameRange     '0.12.3',
227 silly addNameRange     '0.12.4',
227 silly addNameRange     '0.12.5',
227 silly addNameRange     '0.13.0',
227 silly addNameRange     '0.13.1',
227 silly addNameRange     '0.13.2',
227 silly addNameRange     '0.13.3',
227 silly addNameRange     '0.13.4',
227 silly addNameRange     '0.14.0',
227 silly addNameRange     '0.14.1',
227 silly addNameRange     '0.14.2',
227 silly addNameRange     '0.14.3',
227 silly addNameRange     '0.14.4',
227 silly addNameRange     '0.14.5',
227 silly addNameRange     '0.14.6' ] ]
228 verbose addNamed [ 'node-red', '0.14.6' ]
229 verbose addNamed [ '0.14.6', '0.14.6' ]
230 silly lockFile 4bb0ee2a-node-red-0-14-6 node-red@0.14.6
231 verbose lock node-red@0.14.6 /Users/kelinchristi/.npm/4bb0ee2a-node-red-0-14-6.lock
232 silly addNameRange number 2 { name: 'node-red-contrib-admin',
232 silly addNameRange   range: '>=0.0.0-0 <1.0.0-0',
232 silly addNameRange   hasData: true }
233 silly addNameRange versions [ 'node-red-contrib-admin',
233 silly addNameRange   [ '0.0.1', '0.0.2', '0.0.3', '0.0.4' ] ]
234 verbose addNamed [ 'node-red-contrib-admin', '0.0.4' ]
235 verbose addNamed [ '0.0.4', '0.0.4' ]
236 silly lockFile 74478b6c-node-red-contrib-admin-0-0-4 node-red-contrib-admin@0.0.4
237 verbose lock node-red-contrib-admin@0.0.4 /Users/kelinchristi/.npm/74478b6c-node-red-contrib-admin-0-0-4.lock
238 silly lockFile cd582d3b-mongodb-1-4-40 mongodb@1.4.40
239 silly lockFile cd582d3b-mongodb-1-4-40 mongodb@1.4.40
240 silly lockFile d33f1055-nano-5-11-0 nano@~5.11.0
241 silly lockFile d33f1055-nano-5-11-0 nano@~5.11.0
242 silly lockFile 32438902-redis-0-10-3 redis@0.10.3
243 silly lockFile 32438902-redis-0-10-3 redis@0.10.3
244 silly lockFile 634cf158-mongodb-1-4-x mongodb@~1.4.x
245 silly lockFile 634cf158-mongodb-1-4-x mongodb@~1.4.x
246 silly lockFile 93f3235e-redis-0-10-1 redis@~0.10.1
247 silly lockFile 93f3235e-redis-0-10-1 redis@~0.10.1
248 silly lockFile 85884d99-node-red-contrib-alexa-0-0-6 node-red-contrib-alexa@0.0.6
249 silly lockFile 85884d99-node-red-contrib-alexa-0-0-6 node-red-contrib-alexa@0.0.6
250 silly lockFile 4bb0ee2a-node-red-0-14-6 node-red@0.14.6
251 silly lockFile 4bb0ee2a-node-red-0-14-6 node-red@0.14.6
252 silly lockFile 74478b6c-node-red-contrib-admin-0-0-4 node-red-contrib-admin@0.0.4
253 silly lockFile 74478b6c-node-red-contrib-admin-0-0-4 node-red-contrib-admin@0.0.4
254 silly lockFile a8a4ac42-node-red-0-x node-red@0.x
255 silly lockFile a8a4ac42-node-red-0-x node-red@0.x
256 silly lockFile 75fdec26-node-red-contrib-admin-0-x node-red-contrib-admin@0.x
257 silly lockFile 75fdec26-node-red-contrib-admin-0-x node-red-contrib-admin@0.x
258 http 200 https://registry.npmjs.org/feedparser/-/feedparser-0.19.2.tgz
259 silly lockFile 8aa6718d-feedparser-feedparser-0-19-2-tgz https://registry.npmjs.org/feedparser/-/feedparser-0.19.2.tgz
260 silly lockFile 8aa6718d-feedparser-feedparser-0-19-2-tgz https://registry.npmjs.org/feedparser/-/feedparser-0.19.2.tgz
261 silly lockFile 00d39b1e-feedparser-0-19-2 feedparser@0.19.2
262 silly lockFile 00d39b1e-feedparser-0-19-2 feedparser@0.19.2
263 silly lockFile 8af7650f-feedparser-0-19-2 feedparser@~0.19.2
264 silly lockFile 8af7650f-feedparser-0-19-2 feedparser@~0.19.2
265 error Error: EACCES, mkdir '/Users/kelinchristi/.npm/feedparser/0.19.2'
265 error  { [Error: EACCES, mkdir '/Users/kelinchristi/.npm/feedparser/0.19.2']
265 error   errno: 3,
265 error   code: 'EACCES',
265 error   path: '/Users/kelinchristi/.npm/feedparser/0.19.2',
265 error   parent: 'node-red-heroku' }
266 error Please try running this command again as root/Administrator.
267 error System Darwin 16.0.0
268 error command "/Users/kelinchristi/.nvm/v0.10.36/bin/node" "/Users/kelinchristi/.nvm/v0.10.36/bin/npm" "install"
269 error cwd /Users/kelinchristi/Documents/node-red-heroku-master
270 error node -v v0.10.36
271 error npm -v 1.4.28
272 error path /Users/kelinchristi/.npm/feedparser/0.19.2
273 error code EACCES
274 error errno 3
275 error stack Error: EACCES, mkdir '/Users/kelinchristi/.npm/feedparser/0.19.2'
276 verbose exit [ 3, true ]
